<?xml version="1.0" encoding="UTF-8"?>
<robot generator="Robot 3.2 (Python 3.8.5 on darwin)" generated="20201016 15:05:00.252" rpa="false">
<suite id="s1" name="Tmp" source="/Users/aleksisimell/projects/rf-advanced/robotframeworkadvanced/examples/tmp.robot">
<test id="s1-t1" name="My Test">
<kw name="Log To Console" library="BuiltIn">
<doc>Logs the given message to the console.</doc>
<arguments>
<arg>${${MIKKI}hiiri}</arg>
</arguments>
<status status="PASS" starttime="20201016 15:05:00.300" endtime="20201016 15:05:00.301"></status>
</kw>
<kw name="Run Keyword If" library="BuiltIn">
<doc>Runs the given keyword with the given arguments, if ``condition`` is true.</doc>
<arguments>
<arg>$MYVAR.lower() == 'mikki hiiri'</arg>
<arg>Log to Console</arg>
<arg>This works</arg>
</arguments>
<kw name="Log To Console" library="BuiltIn">
<doc>Logs the given message to the console.</doc>
<arguments>
<arg>This works</arg>
</arguments>
<status status="PASS" starttime="20201016 15:05:00.308" endtime="20201016 15:05:00.309"></status>
</kw>
<status status="PASS" starttime="20201016 15:05:00.302" endtime="20201016 15:05:00.309"></status>
</kw>
<kw name="Run Keyword If" library="BuiltIn">
<doc>Runs the given keyword with the given arguments, if ``condition`` is true.</doc>
<arguments>
<arg>'${MYVAR.lower()}' == 'mikki hiiri'</arg>
<arg>Log To Console</arg>
<arg>This also works</arg>
</arguments>
<kw name="Log To Console" library="BuiltIn">
<doc>Logs the given message to the console.</doc>
<arguments>
<arg>This also works</arg>
</arguments>
<status status="PASS" starttime="20201016 15:05:00.310" endtime="20201016 15:05:00.311"></status>
</kw>
<status status="PASS" starttime="20201016 15:05:00.309" endtime="20201016 15:05:00.311"></status>
</kw>
<status status="PASS" starttime="20201016 15:05:00.299" endtime="20201016 15:05:00.311" critical="yes"></status>
</test>
<status status="PASS" starttime="20201016 15:05:00.254" endtime="20201016 15:05:00.312"></status>
</suite>
<statistics>
<total>
<stat pass="1" fail="0">Critical Tests</stat>
<stat pass="1" fail="0">All Tests</stat>
</total>
<tag>
</tag>
<suite>
<stat pass="1" fail="0" id="s1" name="Tmp">Tmp</stat>
</suite>
</statistics>
<errors>
</errors>
</robot>
